#! /usr/bin/vvp
:ivl_version "10.3 (stable)";
:ivl_delay_selection "TYPICAL";
:vpi_time_precision + 0;
:vpi_module "system";
:vpi_module "vhdl_sys";
:vpi_module "v2005_math";
:vpi_module "va_math";
S_0x562629102a10 .scope module, "rom_ascii" "rom_ascii" 2 1;
 .timescale 0 0;
    .port_info 0 /INPUT 1 "clk"
    .port_info 1 /INPUT 1 "rst_n"
    .port_info 2 /INPUT 8 "data"
    .port_info 3 /OUTPUT 8 "seg1"
    .port_info 4 /OUTPUT 8 "seg2"
L_0x56262912f170 .functor AND 1, L_0x56262912fe20, L_0x5626291300d0, C4<1>, C4<1>;
L_0x562629144dc0 .functor AND 1, L_0x56262912f170, L_0x56262912f3c0, C4<1>, C4<1>;
L_0x5626291455c0 .functor AND 1, L_0x5626291454d0, L_0x562629145760, C4<1>, C4<1>;
L_0x562629145cd0 .functor AND 1, L_0x5626291455c0, L_0x562629145b00, C4<1>, C4<1>;
v0x56262912c910_0 .net *"_s0", 31 0, L_0x562629134c20;  1 drivers
L_0x7f9e3d6ea0a8 .functor BUFT 1, C4<000000000000000000000000>, C4<0>, C4<0>, C4<0>;
v0x56262912ca10_0 .net *"_s11", 23 0, L_0x7f9e3d6ea0a8;  1 drivers
L_0x7f9e3d6ea0f0 .functor BUFT 1, C4<00000000000000000000000011110000>, C4<0>, C4<0>, C4<0>;
v0x56262912caf0_0 .net/2u *"_s12", 31 0, L_0x7f9e3d6ea0f0;  1 drivers
v0x56262912cbb0_0 .net *"_s14", 0 0, L_0x5626291300d0;  1 drivers
v0x56262912cc70_0 .net *"_s16", 0 0, L_0x56262912f170;  1 drivers
v0x56262912cd30_0 .net *"_s18", 31 0, L_0x56262912f280;  1 drivers
L_0x7f9e3d6ea138 .functor BUFT 1, C4<000000000000000000000000>, C4<0>, C4<0>, C4<0>;
v0x56262912ce10_0 .net *"_s21", 23 0, L_0x7f9e3d6ea138;  1 drivers
L_0x7f9e3d6ea180 .functor BUFT 1, C4<00000000000000000000000011110000>, C4<0>, C4<0>, C4<0>;
v0x56262912cef0_0 .net/2u *"_s22", 31 0, L_0x7f9e3d6ea180;  1 drivers
v0x56262912cfd0_0 .net *"_s24", 0 0, L_0x56262912f3c0;  1 drivers
v0x56262912d120_0 .net *"_s26", 0 0, L_0x562629144dc0;  1 drivers
v0x56262912d1e0_0 .net *"_s28", 0 0, L_0x562629144ed0;  1 drivers
L_0x7f9e3d6ea018 .functor BUFT 1, C4<000000000000000000000000>, C4<0>, C4<0>, C4<0>;
v0x56262912d2c0_0 .net *"_s3", 23 0, L_0x7f9e3d6ea018;  1 drivers
L_0x7f9e3d6ea1c8 .functor BUFT 1, C4<0>, C4<0>, C4<0>, C4<0>;
v0x56262912d3a0_0 .net/2u *"_s30", 0 0, L_0x7f9e3d6ea1c8;  1 drivers
v0x56262912d480_0 .net *"_s33", 3 0, L_0x562629144fc0;  1 drivers
v0x56262912d560_0 .net *"_s34", 4 0, L_0x5626291450b0;  1 drivers
L_0x7f9e3d6ea210 .functor BUFT 1, C4<10000>, C4<0>, C4<0>, C4<0>;
v0x56262912d640_0 .net/2u *"_s36", 4 0, L_0x7f9e3d6ea210;  1 drivers
L_0x7f9e3d6ea060 .functor BUFT 1, C4<00000000000000000000000000000000>, C4<0>, C4<0>, C4<0>;
v0x56262912d720_0 .net/2u *"_s4", 31 0, L_0x7f9e3d6ea060;  1 drivers
v0x56262912d800_0 .net *"_s40", 31 0, L_0x5626291453e0;  1 drivers
L_0x7f9e3d6ea258 .functor BUFT 1, C4<000000000000000000000000>, C4<0>, C4<0>, C4<0>;
v0x56262912d8e0_0 .net *"_s43", 23 0, L_0x7f9e3d6ea258;  1 drivers
L_0x7f9e3d6ea2a0 .functor BUFT 1, C4<00000000000000000000000000000000>, C4<0>, C4<0>, C4<0>;
v0x56262912d9c0_0 .net/2u *"_s44", 31 0, L_0x7f9e3d6ea2a0;  1 drivers
v0x56262912daa0_0 .net *"_s46", 0 0, L_0x5626291454d0;  1 drivers
v0x56262912db60_0 .net *"_s48", 31 0, L_0x562629145630;  1 drivers
L_0x7f9e3d6ea2e8 .functor BUFT 1, C4<000000000000000000000000>, C4<0>, C4<0>, C4<0>;
v0x56262912dc40_0 .net *"_s51", 23 0, L_0x7f9e3d6ea2e8;  1 drivers
L_0x7f9e3d6ea330 .functor BUFT 1, C4<00000000000000000000000011110000>, C4<0>, C4<0>, C4<0>;
v0x56262912dd20_0 .net/2u *"_s52", 31 0, L_0x7f9e3d6ea330;  1 drivers
v0x56262912de00_0 .net *"_s54", 0 0, L_0x562629145760;  1 drivers
v0x56262912dec0_0 .net *"_s56", 0 0, L_0x5626291455c0;  1 drivers
v0x56262912df80_0 .net *"_s58", 31 0, L_0x5626291459c0;  1 drivers
v0x56262912e060_0 .net *"_s6", 0 0, L_0x56262912fe20;  1 drivers
L_0x7f9e3d6ea378 .functor BUFT 1, C4<000000000000000000000000>, C4<0>, C4<0>, C4<0>;
v0x56262912e120_0 .net *"_s61", 23 0, L_0x7f9e3d6ea378;  1 drivers
L_0x7f9e3d6ea3c0 .functor BUFT 1, C4<00000000000000000000000011110000>, C4<0>, C4<0>, C4<0>;
v0x56262912e200_0 .net/2u *"_s62", 31 0, L_0x7f9e3d6ea3c0;  1 drivers
v0x56262912e2e0_0 .net *"_s64", 0 0, L_0x562629145b00;  1 drivers
v0x56262912e3a0_0 .net *"_s66", 0 0, L_0x562629145cd0;  1 drivers
v0x56262912e460_0 .net *"_s68", 0 0, L_0x562629145e10;  1 drivers
L_0x7f9e3d6ea408 .functor BUFT 1, C4<0>, C4<0>, C4<0>, C4<0>;
v0x56262912e540_0 .net/2u *"_s70", 0 0, L_0x7f9e3d6ea408;  1 drivers
v0x56262912e620_0 .net *"_s73", 3 0, L_0x562629145f00;  1 drivers
v0x56262912e700_0 .net *"_s74", 4 0, L_0x562629146090;  1 drivers
L_0x7f9e3d6ea450 .functor BUFT 1, C4<10000>, C4<0>, C4<0>, C4<0>;
v0x56262912e7e0_0 .net/2u *"_s76", 4 0, L_0x7f9e3d6ea450;  1 drivers
v0x56262912e8c0_0 .net *"_s8", 31 0, L_0x56262912ff90;  1 drivers
v0x56262912e9a0_0 .net "addr1", 4 0, L_0x5626291451f0;  1 drivers
v0x56262912ea60_0 .net "addr2", 4 0, L_0x5626291461d0;  1 drivers
v0x56262912eb30_0 .var "buffer", 7 0;
o0x7f9e3d733108 .functor BUFZ 1, C4<z>; HiZ drive
v0x56262912ebf0_0 .net "clk", 0 0, o0x7f9e3d733108;  0 drivers
o0x7f9e3d733be8 .functor BUFZ 8, C4<zzzzzzzz>; HiZ drive
v0x56262912ec90_0 .net "data", 7 0, o0x7f9e3d733be8;  0 drivers
v0x56262912ed70_0 .var/i "i", 31 0;
v0x56262912ee50 .array "lut", 0 35, 15 0;
v0x56262912f4c0 .array "lut_data", 0 35;
v0x56262912f4c0_0 .net v0x56262912f4c0 0, 7 0, L_0x562629130730; 1 drivers
v0x56262912f4c0_1 .net v0x56262912f4c0 1, 7 0, L_0x562629130920; 1 drivers
v0x56262912f4c0_2 .net v0x56262912f4c0 2, 7 0, L_0x562629130b10; 1 drivers
v0x56262912f4c0_3 .net v0x56262912f4c0 3, 7 0, L_0x562629130d00; 1 drivers
v0x56262912f4c0_4 .net v0x56262912f4c0 4, 7 0, L_0x562629130ef0; 1 drivers
v0x56262912f4c0_5 .net v0x56262912f4c0 5, 7 0, L_0x5626291310e0; 1 drivers
v0x56262912f4c0_6 .net v0x56262912f4c0 6, 7 0, L_0x5626291312d0; 1 drivers
v0x56262912f4c0_7 .net v0x56262912f4c0 7, 7 0, L_0x5626291314c0; 1 drivers
v0x56262912f4c0_8 .net v0x56262912f4c0 8, 7 0, L_0x5626291316b0; 1 drivers
v0x56262912f4c0_9 .net v0x56262912f4c0 9, 7 0, L_0x5626291318a0; 1 drivers
v0x56262912f4c0_10 .net v0x56262912f4c0 10, 7 0, L_0x562629131a90; 1 drivers
v0x56262912f4c0_11 .net v0x56262912f4c0 11, 7 0, L_0x562629131c80; 1 drivers
v0x56262912f4c0_12 .net v0x56262912f4c0 12, 7 0, L_0x562629131e70; 1 drivers
v0x56262912f4c0_13 .net v0x56262912f4c0 13, 7 0, L_0x562629132060; 1 drivers
v0x56262912f4c0_14 .net v0x56262912f4c0 14, 7 0, L_0x562629132250; 1 drivers
v0x56262912f4c0_15 .net v0x56262912f4c0 15, 7 0, L_0x562629132440; 1 drivers
v0x56262912f4c0_16 .net v0x56262912f4c0 16, 7 0, L_0x562629132630; 1 drivers
v0x56262912f4c0_17 .net v0x56262912f4c0 17, 7 0, L_0x562629132820; 1 drivers
v0x56262912f4c0_18 .net v0x56262912f4c0 18, 7 0, L_0x562629132a10; 1 drivers
v0x56262912f4c0_19 .net v0x56262912f4c0 19, 7 0, L_0x562629132c00; 1 drivers
v0x56262912f4c0_20 .net v0x56262912f4c0 20, 7 0, L_0x562629132df0; 1 drivers
v0x56262912f4c0_21 .net v0x56262912f4c0 21, 7 0, L_0x562629132fe0; 1 drivers
v0x56262912f4c0_22 .net v0x56262912f4c0 22, 7 0, L_0x5626291331d0; 1 drivers
v0x56262912f4c0_23 .net v0x56262912f4c0 23, 7 0, L_0x5626291333c0; 1 drivers
v0x56262912f4c0_24 .net v0x56262912f4c0 24, 7 0, L_0x5626291335b0; 1 drivers
v0x56262912f4c0_25 .net v0x56262912f4c0 25, 7 0, L_0x5626291337a0; 1 drivers
v0x56262912f4c0_26 .net v0x56262912f4c0 26, 7 0, L_0x562629133990; 1 drivers
v0x56262912f4c0_27 .net v0x56262912f4c0 27, 7 0, L_0x562629133b80; 1 drivers
v0x56262912f4c0_28 .net v0x56262912f4c0 28, 7 0, L_0x562629133d70; 1 drivers
v0x56262912f4c0_29 .net v0x56262912f4c0 29, 7 0, L_0x562629133f60; 1 drivers
v0x56262912f4c0_30 .net v0x56262912f4c0 30, 7 0, L_0x562629134150; 1 drivers
v0x56262912f4c0_31 .net v0x56262912f4c0 31, 7 0, L_0x562629134340; 1 drivers
v0x56262912f4c0_32 .net v0x56262912f4c0 32, 7 0, L_0x562629134530; 1 drivers
v0x56262912f4c0_33 .net v0x56262912f4c0 33, 7 0, L_0x562629134720; 1 drivers
v0x56262912f4c0_34 .net v0x56262912f4c0 34, 7 0, L_0x562629134910; 1 drivers
v0x56262912f4c0_35 .net v0x56262912f4c0 35, 7 0, L_0x562629134b00; 1 drivers
v0x56262912fb30 .array "lut_key", 0 35;
v0x56262912fb30_0 .net v0x56262912fb30 0, 7 0, L_0x562629130660; 1 drivers
v0x56262912fb30_1 .net v0x56262912fb30 1, 7 0, L_0x562629130850; 1 drivers
v0x56262912fb30_2 .net v0x56262912fb30 2, 7 0, L_0x562629130a40; 1 drivers
v0x56262912fb30_3 .net v0x56262912fb30 3, 7 0, L_0x562629130c30; 1 drivers
v0x56262912fb30_4 .net v0x56262912fb30 4, 7 0, L_0x562629130e20; 1 drivers
v0x56262912fb30_5 .net v0x56262912fb30 5, 7 0, L_0x562629131010; 1 drivers
v0x56262912fb30_6 .net v0x56262912fb30 6, 7 0, L_0x562629131200; 1 drivers
v0x56262912fb30_7 .net v0x56262912fb30 7, 7 0, L_0x5626291313f0; 1 drivers
v0x56262912fb30_8 .net v0x56262912fb30 8, 7 0, L_0x5626291315e0; 1 drivers
v0x56262912fb30_9 .net v0x56262912fb30 9, 7 0, L_0x5626291317d0; 1 drivers
v0x56262912fb30_10 .net v0x56262912fb30 10, 7 0, L_0x5626291319c0; 1 drivers
v0x56262912fb30_11 .net v0x56262912fb30 11, 7 0, L_0x562629131bb0; 1 drivers
v0x56262912fb30_12 .net v0x56262912fb30 12, 7 0, L_0x562629131da0; 1 drivers
v0x56262912fb30_13 .net v0x56262912fb30 13, 7 0, L_0x562629131f90; 1 drivers
v0x56262912fb30_14 .net v0x56262912fb30 14, 7 0, L_0x562629132180; 1 drivers
v0x56262912fb30_15 .net v0x56262912fb30 15, 7 0, L_0x562629132370; 1 drivers
v0x56262912fb30_16 .net v0x56262912fb30 16, 7 0, L_0x562629132560; 1 drivers
v0x56262912fb30_17 .net v0x56262912fb30 17, 7 0, L_0x562629132750; 1 drivers
v0x56262912fb30_18 .net v0x56262912fb30 18, 7 0, L_0x562629132940; 1 drivers
v0x56262912fb30_19 .net v0x56262912fb30 19, 7 0, L_0x562629132b30; 1 drivers
v0x56262912fb30_20 .net v0x56262912fb30 20, 7 0, L_0x562629132d20; 1 drivers
v0x56262912fb30_21 .net v0x56262912fb30 21, 7 0, L_0x562629132f10; 1 drivers
v0x56262912fb30_22 .net v0x56262912fb30 22, 7 0, L_0x562629133100; 1 drivers
v0x56262912fb30_23 .net v0x56262912fb30 23, 7 0, L_0x5626291332f0; 1 drivers
v0x56262912fb30_24 .net v0x56262912fb30 24, 7 0, L_0x5626291334e0; 1 drivers
v0x56262912fb30_25 .net v0x56262912fb30 25, 7 0, L_0x5626291336d0; 1 drivers
v0x56262912fb30_26 .net v0x56262912fb30 26, 7 0, L_0x5626291338c0; 1 drivers
v0x56262912fb30_27 .net v0x56262912fb30 27, 7 0, L_0x562629133ab0; 1 drivers
v0x56262912fb30_28 .net v0x56262912fb30 28, 7 0, L_0x562629133ca0; 1 drivers
v0x56262912fb30_29 .net v0x56262912fb30 29, 7 0, L_0x562629133e90; 1 drivers
v0x56262912fb30_30 .net v0x56262912fb30 30, 7 0, L_0x562629134080; 1 drivers
v0x56262912fb30_31 .net v0x56262912fb30 31, 7 0, L_0x562629134270; 1 drivers
v0x56262912fb30_32 .net v0x56262912fb30 32, 7 0, L_0x562629134460; 1 drivers
v0x56262912fb30_33 .net v0x56262912fb30 33, 7 0, L_0x562629134650; 1 drivers
v0x56262912fb30_34 .net v0x56262912fb30 34, 7 0, L_0x562629134840; 1 drivers
v0x56262912fb30_35 .net v0x56262912fb30 35, 7 0, L_0x562629134a30; 1 drivers
v0x5626291301a0_0 .var "lut_out", 7 0;
o0x7f9e3d733168 .functor BUFZ 1, C4<z>; HiZ drive
v0x562629130280_0 .net "rst_n", 0 0, o0x7f9e3d733168;  0 drivers
v0x562629130370_0 .net "seg1", 7 0, L_0x5626291465a0;  1 drivers
v0x562629130430_0 .net "seg2", 7 0, L_0x562629146910;  1 drivers
v0x5626291304d0_0 .var "tmp", 7 0;
E_0x5626290d62b0/0 .event negedge, v0x56262912bbc0_0;
E_0x5626290d62b0/1 .event posedge, v0x56262912b960_0;
E_0x5626290d62b0 .event/or E_0x5626290d62b0/0, E_0x5626290d62b0/1;
E_0x5626290d5f40/0 .event edge, v0x56262912ed70_0, v0x5626291301a0_0, v0x56262912fb30_0, v0x56262912fb30_1;
E_0x5626290d5f40/1 .event edge, v0x56262912fb30_2, v0x56262912fb30_3, v0x56262912fb30_4, v0x56262912fb30_5;
E_0x5626290d5f40/2 .event edge, v0x56262912fb30_6, v0x56262912fb30_7, v0x56262912fb30_8, v0x56262912fb30_9;
E_0x5626290d5f40/3 .event edge, v0x56262912fb30_10, v0x56262912fb30_11, v0x56262912fb30_12, v0x56262912fb30_13;
E_0x5626290d5f40/4 .event edge, v0x56262912fb30_14, v0x56262912fb30_15, v0x56262912fb30_16, v0x56262912fb30_17;
E_0x5626290d5f40/5 .event edge, v0x56262912fb30_18, v0x56262912fb30_19, v0x56262912fb30_20, v0x56262912fb30_21;
E_0x5626290d5f40/6 .event edge, v0x56262912fb30_22, v0x56262912fb30_23, v0x56262912fb30_24, v0x56262912fb30_25;
E_0x5626290d5f40/7 .event edge, v0x56262912fb30_26, v0x56262912fb30_27, v0x56262912fb30_28, v0x56262912fb30_29;
E_0x5626290d5f40/8 .event edge, v0x56262912fb30_30, v0x56262912fb30_31, v0x56262912fb30_32, v0x56262912fb30_33;
E_0x5626290d5f40/9 .event edge, v0x56262912fb30_34, v0x56262912fb30_35, v0x56262912ec90_0, v0x56262912f4c0_0;
E_0x5626290d5f40/10 .event edge, v0x56262912f4c0_1, v0x56262912f4c0_2, v0x56262912f4c0_3, v0x56262912f4c0_4;
E_0x5626290d5f40/11 .event edge, v0x56262912f4c0_5, v0x56262912f4c0_6, v0x56262912f4c0_7, v0x56262912f4c0_8;
E_0x5626290d5f40/12 .event edge, v0x56262912f4c0_9, v0x56262912f4c0_10, v0x56262912f4c0_11, v0x56262912f4c0_12;
E_0x5626290d5f40/13 .event edge, v0x56262912f4c0_13, v0x56262912f4c0_14, v0x56262912f4c0_15, v0x56262912f4c0_16;
E_0x5626290d5f40/14 .event edge, v0x56262912f4c0_17, v0x56262912f4c0_18, v0x56262912f4c0_19, v0x56262912f4c0_20;
E_0x5626290d5f40/15 .event edge, v0x56262912f4c0_21, v0x56262912f4c0_22, v0x56262912f4c0_23, v0x56262912f4c0_24;
E_0x5626290d5f40/16 .event edge, v0x56262912f4c0_25, v0x56262912f4c0_26, v0x56262912f4c0_27, v0x56262912f4c0_28;
E_0x5626290d5f40/17 .event edge, v0x56262912f4c0_29, v0x56262912f4c0_30, v0x56262912f4c0_31, v0x56262912f4c0_32;
E_0x5626290d5f40/18 .event edge, v0x56262912f4c0_33, v0x56262912f4c0_34, v0x56262912f4c0_35;
E_0x5626290d5f40 .event/or E_0x5626290d5f40/0, E_0x5626290d5f40/1, E_0x5626290d5f40/2, E_0x5626290d5f40/3, E_0x5626290d5f40/4, E_0x5626290d5f40/5, E_0x5626290d5f40/6, E_0x5626290d5f40/7, E_0x5626290d5f40/8, E_0x5626290d5f40/9, E_0x5626290d5f40/10, E_0x5626290d5f40/11, E_0x5626290d5f40/12, E_0x5626290d5f40/13, E_0x5626290d5f40/14, E_0x5626290d5f40/15, E_0x5626290d5f40/16, E_0x5626290d5f40/17, E_0x5626290d5f40/18;
L_0x562629134c20 .concat [ 8 24 0 0], o0x7f9e3d733be8, L_0x7f9e3d6ea018;
L_0x56262912fe20 .cmp/ne 32, L_0x562629134c20, L_0x7f9e3d6ea060;
L_0x56262912ff90 .concat [ 8 24 0 0], o0x7f9e3d733be8, L_0x7f9e3d6ea0a8;
L_0x5626291300d0 .cmp/ne 32, L_0x56262912ff90, L_0x7f9e3d6ea0f0;
L_0x56262912f280 .concat [ 8 24 0 0], v0x56262912eb30_0, L_0x7f9e3d6ea138;
L_0x56262912f3c0 .cmp/ne 32, L_0x56262912f280, L_0x7f9e3d6ea180;
L_0x562629144ed0 .concat [ 1 0 0 0], L_0x562629144dc0;
L_0x562629144fc0 .part v0x5626291301a0_0, 0, 4;
L_0x5626291450b0 .concat [ 4 1 0 0], L_0x562629144fc0, L_0x7f9e3d6ea1c8;
L_0x5626291451f0 .functor MUXZ 5, L_0x7f9e3d6ea210, L_0x5626291450b0, L_0x562629144ed0, C4<>;
L_0x5626291453e0 .concat [ 8 24 0 0], o0x7f9e3d733be8, L_0x7f9e3d6ea258;
L_0x5626291454d0 .cmp/ne 32, L_0x5626291453e0, L_0x7f9e3d6ea2a0;
L_0x562629145630 .concat [ 8 24 0 0], o0x7f9e3d733be8, L_0x7f9e3d6ea2e8;
L_0x562629145760 .cmp/ne 32, L_0x562629145630, L_0x7f9e3d6ea330;
L_0x5626291459c0 .concat [ 8 24 0 0], v0x56262912eb30_0, L_0x7f9e3d6ea378;
L_0x562629145b00 .cmp/ne 32, L_0x5626291459c0, L_0x7f9e3d6ea3c0;
L_0x562629145e10 .concat [ 1 0 0 0], L_0x562629145cd0;
L_0x562629145f00 .part v0x5626291301a0_0, 4, 4;
L_0x562629146090 .concat [ 4 1 0 0], L_0x562629145f00, L_0x7f9e3d6ea408;
L_0x5626291461d0 .functor MUXZ 5, L_0x7f9e3d6ea450, L_0x562629146090, L_0x562629145e10, C4<>;
S_0x56262908d690 .scope generate, "genblk1[0]" "genblk1[0]" 2 64, 2 64 0, S_0x562629102a10;
 .timescale 0 0;
P_0x562629113ef0 .param/l "n" 0 2 64, +C4<00>;
v0x56262912ee50_0 .array/port v0x56262912ee50, 0;
L_0x562629130660 .part v0x56262912ee50_0, 8, 8;
L_0x562629130730 .part v0x56262912ee50_0, 0, 8;
S_0x5626290fdcd0 .scope generate, "genblk1[1]" "genblk1[1]" 2 64, 2 64 0, S_0x562629102a10;
 .timescale 0 0;
P_0x5626290bf890 .param/l "n" 0 2 64, +C4<01>;
v0x56262912ee50_1 .array/port v0x56262912ee50, 1;
L_0x562629130850 .part v0x56262912ee50_1, 8, 8;
L_0x562629130920 .part v0x56262912ee50_1, 0, 8;
S_0x562629108410 .scope generate, "genblk1[2]" "genblk1[2]" 2 64, 2 64 0, S_0x562629102a10;
 .timescale 0 0;
P_0x5626290c00b0 .param/l "n" 0 2 64, +C4<010>;
v0x56262912ee50_2 .array/port v0x56262912ee50, 2;
L_0x562629130a40 .part v0x56262912ee50_2, 8, 8;
L_0x562629130b10 .part v0x56262912ee50_2, 0, 8;
S_0x562629103d30 .scope generate, "genblk1[3]" "genblk1[3]" 2 64, 2 64 0, S_0x562629102a10;
 .timescale 0 0;
P_0x5626290c08a0 .param/l "n" 0 2 64, +C4<011>;
v0x56262912ee50_3 .array/port v0x56262912ee50, 3;
L_0x562629130c30 .part v0x56262912ee50_3, 8, 8;
L_0x562629130d00 .part v0x56262912ee50_3, 0, 8;
S_0x5626290f9570 .scope generate, "genblk1[4]" "genblk1[4]" 2 64, 2 64 0, S_0x562629102a10;
 .timescale 0 0;
P_0x5626290c1110 .param/l "n" 0 2 64, +C4<0100>;
v0x56262912ee50_4 .array/port v0x56262912ee50, 4;
L_0x562629130e20 .part v0x56262912ee50_4, 8, 8;
L_0x562629130ef0 .part v0x56262912ee50_4, 0, 8;
S_0x5626290f8500 .scope generate, "genblk1[5]" "genblk1[5]" 2 64, 2 64 0, S_0x562629102a10;
 .timescale 0 0;
P_0x5626290c1900 .param/l "n" 0 2 64, +C4<0101>;
v0x56262912ee50_5 .array/port v0x56262912ee50, 5;
L_0x562629131010 .part v0x56262912ee50_5, 8, 8;
L_0x5626291310e0 .part v0x56262912ee50_5, 0, 8;
S_0x5626290f7490 .scope generate, "genblk1[6]" "genblk1[6]" 2 64, 2 64 0, S_0x562629102a10;
 .timescale 0 0;
P_0x5626290c2120 .param/l "n" 0 2 64, +C4<0110>;
v0x56262912ee50_6 .array/port v0x56262912ee50, 6;
L_0x562629131200 .part v0x56262912ee50_6, 8, 8;
L_0x5626291312d0 .part v0x56262912ee50_6, 0, 8;
S_0x5626290f6420 .scope generate, "genblk1[7]" "genblk1[7]" 2 64, 2 64 0, S_0x562629102a10;
 .timescale 0 0;
P_0x5626290da8a0 .param/l "n" 0 2 64, +C4<0111>;
v0x56262912ee50_7 .array/port v0x56262912ee50, 7;
L_0x5626291313f0 .part v0x56262912ee50_7, 8, 8;
L_0x5626291314c0 .part v0x56262912ee50_7, 0, 8;
S_0x5626290f5410 .scope generate, "genblk1[8]" "genblk1[8]" 2 64, 2 64 0, S_0x562629102a10;
 .timescale 0 0;
P_0x5626290c10c0 .param/l "n" 0 2 64, +C4<01000>;
v0x56262912ee50_8 .array/port v0x56262912ee50, 8;
L_0x5626291315e0 .part v0x56262912ee50_8, 8, 8;
L_0x5626291316b0 .part v0x56262912ee50_8, 0, 8;
S_0x5626290f4bf0 .scope generate, "genblk1[9]" "genblk1[9]" 2 64, 2 64 0, S_0x562629102a10;
 .timescale 0 0;
P_0x5626290db860 .param/l "n" 0 2 64, +C4<01001>;
v0x56262912ee50_9 .array/port v0x56262912ee50, 9;
L_0x5626291317d0 .part v0x56262912ee50_9, 8, 8;
L_0x5626291318a0 .part v0x56262912ee50_9, 0, 8;
S_0x5626290f4400 .scope generate, "genblk1[10]" "genblk1[10]" 2 64, 2 64 0, S_0x562629102a10;
 .timescale 0 0;
P_0x5626290dc080 .param/l "n" 0 2 64, +C4<01010>;
v0x56262912ee50_10 .array/port v0x56262912ee50, 10;
L_0x5626291319c0 .part v0x56262912ee50_10, 8, 8;
L_0x562629131a90 .part v0x56262912ee50_10, 0, 8;
S_0x5626290f3be0 .scope generate, "genblk1[11]" "genblk1[11]" 2 64, 2 64 0, S_0x562629102a10;
 .timescale 0 0;
P_0x5626290dc870 .param/l "n" 0 2 64, +C4<01011>;
v0x56262912ee50_11 .array/port v0x56262912ee50, 11;
L_0x562629131bb0 .part v0x56262912ee50_11, 8, 8;
L_0x562629131c80 .part v0x56262912ee50_11, 0, 8;
S_0x5626290f33f0 .scope generate, "genblk1[12]" "genblk1[12]" 2 64, 2 64 0, S_0x562629102a10;
 .timescale 0 0;
P_0x5626290dd090 .param/l "n" 0 2 64, +C4<01100>;
v0x56262912ee50_12 .array/port v0x56262912ee50, 12;
L_0x562629131da0 .part v0x56262912ee50_12, 8, 8;
L_0x562629131e70 .part v0x56262912ee50_12, 0, 8;
S_0x5626290f2bd0 .scope generate, "genblk1[13]" "genblk1[13]" 2 64, 2 64 0, S_0x562629102a10;
 .timescale 0 0;
P_0x5626290dd880 .param/l "n" 0 2 64, +C4<01101>;
v0x56262912ee50_13 .array/port v0x56262912ee50, 13;
L_0x562629131f90 .part v0x56262912ee50_13, 8, 8;
L_0x562629132060 .part v0x56262912ee50_13, 0, 8;
S_0x5626290f23e0 .scope generate, "genblk1[14]" "genblk1[14]" 2 64, 2 64 0, S_0x562629102a10;
 .timescale 0 0;
P_0x5626290de0a0 .param/l "n" 0 2 64, +C4<01110>;
v0x56262912ee50_14 .array/port v0x56262912ee50, 14;
L_0x562629132180 .part v0x56262912ee50_14, 8, 8;
L_0x562629132250 .part v0x56262912ee50_14, 0, 8;
S_0x5626290f1bc0 .scope generate, "genblk1[15]" "genblk1[15]" 2 64, 2 64 0, S_0x562629102a10;
 .timescale 0 0;
P_0x5626290de890 .param/l "n" 0 2 64, +C4<01111>;
v0x56262912ee50_15 .array/port v0x56262912ee50, 15;
L_0x562629132370 .part v0x56262912ee50_15, 8, 8;
L_0x562629132440 .part v0x56262912ee50_15, 0, 8;
S_0x5626290f13d0 .scope generate, "genblk1[16]" "genblk1[16]" 2 64, 2 64 0, S_0x562629102a10;
 .timescale 0 0;
P_0x5626290df0b0 .param/l "n" 0 2 64, +C4<010000>;
v0x56262912ee50_16 .array/port v0x56262912ee50, 16;
L_0x562629132560 .part v0x56262912ee50_16, 8, 8;
L_0x562629132630 .part v0x56262912ee50_16, 0, 8;
S_0x5626290f0bb0 .scope generate, "genblk1[17]" "genblk1[17]" 2 64, 2 64 0, S_0x562629102a10;
 .timescale 0 0;
P_0x5626290df8a0 .param/l "n" 0 2 64, +C4<010001>;
v0x56262912ee50_17 .array/port v0x56262912ee50, 17;
L_0x562629132750 .part v0x56262912ee50_17, 8, 8;
L_0x562629132820 .part v0x56262912ee50_17, 0, 8;
S_0x5626290f03c0 .scope generate, "genblk1[18]" "genblk1[18]" 2 64, 2 64 0, S_0x562629102a10;
 .timescale 0 0;
P_0x5626290e00c0 .param/l "n" 0 2 64, +C4<010010>;
v0x56262912ee50_18 .array/port v0x56262912ee50, 18;
L_0x562629132940 .part v0x56262912ee50_18, 8, 8;
L_0x562629132a10 .part v0x56262912ee50_18, 0, 8;
S_0x5626290efba0 .scope generate, "genblk1[19]" "genblk1[19]" 2 64, 2 64 0, S_0x562629102a10;
 .timescale 0 0;
P_0x5626290e08b0 .param/l "n" 0 2 64, +C4<010011>;
v0x56262912ee50_19 .array/port v0x56262912ee50, 19;
L_0x562629132b30 .part v0x56262912ee50_19, 8, 8;
L_0x562629132c00 .part v0x56262912ee50_19, 0, 8;
S_0x5626290ef3b0 .scope generate, "genblk1[20]" "genblk1[20]" 2 64, 2 64 0, S_0x562629102a10;
 .timescale 0 0;
P_0x5626290e10d0 .param/l "n" 0 2 64, +C4<010100>;
v0x56262912ee50_20 .array/port v0x56262912ee50, 20;
L_0x562629132d20 .part v0x56262912ee50_20, 8, 8;
L_0x562629132df0 .part v0x56262912ee50_20, 0, 8;
S_0x5626290eeb90 .scope generate, "genblk1[21]" "genblk1[21]" 2 64, 2 64 0, S_0x562629102a10;
 .timescale 0 0;
P_0x5626290e18c0 .param/l "n" 0 2 64, +C4<010101>;
v0x56262912ee50_21 .array/port v0x56262912ee50, 21;
L_0x562629132f10 .part v0x56262912ee50_21, 8, 8;
L_0x562629132fe0 .part v0x56262912ee50_21, 0, 8;
S_0x5626290ee3a0 .scope generate, "genblk1[22]" "genblk1[22]" 2 64, 2 64 0, S_0x562629102a10;
 .timescale 0 0;
P_0x5626290e20e0 .param/l "n" 0 2 64, +C4<010110>;
v0x56262912ee50_22 .array/port v0x56262912ee50, 22;
L_0x562629133100 .part v0x56262912ee50_22, 8, 8;
L_0x5626291331d0 .part v0x56262912ee50_22, 0, 8;
S_0x5626290edb80 .scope generate, "genblk1[23]" "genblk1[23]" 2 64, 2 64 0, S_0x562629102a10;
 .timescale 0 0;
P_0x5626290e28d0 .param/l "n" 0 2 64, +C4<010111>;
v0x56262912ee50_23 .array/port v0x56262912ee50, 23;
L_0x5626291332f0 .part v0x56262912ee50_23, 8, 8;
L_0x5626291333c0 .part v0x56262912ee50_23, 0, 8;
S_0x5626290ed390 .scope generate, "genblk1[24]" "genblk1[24]" 2 64, 2 64 0, S_0x562629102a10;
 .timescale 0 0;
P_0x5626290e30f0 .param/l "n" 0 2 64, +C4<011000>;
v0x56262912ee50_24 .array/port v0x56262912ee50, 24;
L_0x5626291334e0 .part v0x56262912ee50_24, 8, 8;
L_0x5626291335b0 .part v0x56262912ee50_24, 0, 8;
S_0x5626290ecb70 .scope generate, "genblk1[25]" "genblk1[25]" 2 64, 2 64 0, S_0x562629102a10;
 .timescale 0 0;
P_0x5626290e38e0 .param/l "n" 0 2 64, +C4<011001>;
v0x56262912ee50_25 .array/port v0x56262912ee50, 25;
L_0x5626291336d0 .part v0x56262912ee50_25, 8, 8;
L_0x5626291337a0 .part v0x56262912ee50_25, 0, 8;
S_0x5626290ec380 .scope generate, "genblk1[26]" "genblk1[26]" 2 64, 2 64 0, S_0x562629102a10;
 .timescale 0 0;
P_0x5626290e4100 .param/l "n" 0 2 64, +C4<011010>;
v0x56262912ee50_26 .array/port v0x56262912ee50, 26;
L_0x5626291338c0 .part v0x56262912ee50_26, 8, 8;
L_0x562629133990 .part v0x56262912ee50_26, 0, 8;
S_0x5626290ebb60 .scope generate, "genblk1[27]" "genblk1[27]" 2 64, 2 64 0, S_0x562629102a10;
 .timescale 0 0;
P_0x5626290e48f0 .param/l "n" 0 2 64, +C4<011011>;
v0x56262912ee50_27 .array/port v0x56262912ee50, 27;
L_0x562629133ab0 .part v0x56262912ee50_27, 8, 8;
L_0x562629133b80 .part v0x56262912ee50_27, 0, 8;
S_0x5626290eb370 .scope generate, "genblk1[28]" "genblk1[28]" 2 64, 2 64 0, S_0x562629102a10;
 .timescale 0 0;
P_0x5626290e5110 .param/l "n" 0 2 64, +C4<011100>;
v0x56262912ee50_28 .array/port v0x56262912ee50, 28;
L_0x562629133ca0 .part v0x56262912ee50_28, 8, 8;
L_0x562629133d70 .part v0x56262912ee50_28, 0, 8;
S_0x5626290eab50 .scope generate, "genblk1[29]" "genblk1[29]" 2 64, 2 64 0, S_0x562629102a10;
 .timescale 0 0;
P_0x5626290e5900 .param/l "n" 0 2 64, +C4<011101>;
v0x56262912ee50_29 .array/port v0x56262912ee50, 29;
L_0x562629133e90 .part v0x56262912ee50_29, 8, 8;
L_0x562629133f60 .part v0x56262912ee50_29, 0, 8;
S_0x5626290ea360 .scope generate, "genblk1[30]" "genblk1[30]" 2 64, 2 64 0, S_0x562629102a10;
 .timescale 0 0;
P_0x5626290e6120 .param/l "n" 0 2 64, +C4<011110>;
v0x56262912ee50_30 .array/port v0x56262912ee50, 30;
L_0x562629134080 .part v0x56262912ee50_30, 8, 8;
L_0x562629134150 .part v0x56262912ee50_30, 0, 8;
S_0x5626290e9b40 .scope generate, "genblk1[31]" "genblk1[31]" 2 64, 2 64 0, S_0x562629102a10;
 .timescale 0 0;
P_0x5626290e6910 .param/l "n" 0 2 64, +C4<011111>;
v0x56262912ee50_31 .array/port v0x56262912ee50, 31;
L_0x562629134270 .part v0x56262912ee50_31, 8, 8;
L_0x562629134340 .part v0x56262912ee50_31, 0, 8;
S_0x5626290e9350 .scope generate, "genblk1[32]" "genblk1[32]" 2 64, 2 64 0, S_0x562629102a10;
 .timescale 0 0;
P_0x5626290e7130 .param/l "n" 0 2 64, +C4<0100000>;
v0x56262912ee50_32 .array/port v0x56262912ee50, 32;
L_0x562629134460 .part v0x56262912ee50_32, 8, 8;
L_0x562629134530 .part v0x56262912ee50_32, 0, 8;
S_0x5626290e8b30 .scope generate, "genblk1[33]" "genblk1[33]" 2 64, 2 64 0, S_0x562629102a10;
 .timescale 0 0;
P_0x5626290e7920 .param/l "n" 0 2 64, +C4<0100001>;
v0x56262912ee50_33 .array/port v0x56262912ee50, 33;
L_0x562629134650 .part v0x56262912ee50_33, 8, 8;
L_0x562629134720 .part v0x56262912ee50_33, 0, 8;
S_0x5626290e8340 .scope generate, "genblk1[34]" "genblk1[34]" 2 64, 2 64 0, S_0x562629102a10;
 .timescale 0 0;
P_0x5626290e8140 .param/l "n" 0 2 64, +C4<0100010>;
v0x56262912ee50_34 .array/port v0x56262912ee50, 34;
L_0x562629134840 .part v0x56262912ee50_34, 8, 8;
L_0x562629134910 .part v0x56262912ee50_34, 0, 8;
S_0x5626290e7b20 .scope generate, "genblk1[35]" "genblk1[35]" 2 64, 2 64 0, S_0x562629102a10;
 .timescale 0 0;
P_0x5626290e8930 .param/l "n" 0 2 64, +C4<0100011>;
v0x56262912ee50_35 .array/port v0x56262912ee50, 35;
L_0x562629134a30 .part v0x56262912ee50_35, 8, 8;
L_0x562629134b00 .part v0x56262912ee50_35, 0, 8;
S_0x5626290e7330 .scope module, "u_rom1" "rom" 2 96, 3 1 0, S_0x562629102a10;
 .timescale 0 0;
    .port_info 0 /INPUT 1 "clk"
    .port_info 1 /INPUT 1 "rst_n"
    .port_info 2 /INPUT 5 "addr"
    .port_info 3 /OUTPUT 8 "seg"
v0x562629111f90_0 .net *"_s0", 7 0, L_0x562629145ff0;  1 drivers
v0x56262910bbb0_0 .net *"_s2", 5 0, L_0x562629146460;  1 drivers
L_0x7f9e3d6ea498 .functor BUFT 1, C4<0>, C4<0>, C4<0>, C4<0>;
v0x56262912b690_0 .net *"_s5", 0 0, L_0x7f9e3d6ea498;  1 drivers
L_0x7f9e3d6ea4e0 .functor BUFT 1, C4<00000000>, C4<0>, C4<0>, C4<0>;
v0x56262912b750_0 .net/2u *"_s6", 7 0, L_0x7f9e3d6ea4e0;  1 drivers
v0x56262912b830_0 .net "addr", 4 0, L_0x5626291451f0;  alias, 1 drivers
v0x56262912b960_0 .net "clk", 0 0, o0x7f9e3d733108;  alias, 0 drivers
v0x56262912ba20_0 .var/i "i", 31 0;
v0x56262912bb00 .array "rom", 0 16, 7 0;
v0x56262912bbc0_0 .net "rst_n", 0 0, o0x7f9e3d733168;  alias, 0 drivers
v0x56262912bc80_0 .net "seg", 7 0, L_0x5626291465a0;  alias, 1 drivers
E_0x5626290d5380 .event posedge, v0x56262912b960_0;
L_0x562629145ff0 .array/port v0x56262912bb00, L_0x562629146460;
L_0x562629146460 .concat [ 5 1 0 0], L_0x5626291451f0, L_0x7f9e3d6ea498;
L_0x5626291465a0 .functor MUXZ 8, L_0x7f9e3d6ea4e0, L_0x562629145ff0, o0x7f9e3d733168, C4<>;
S_0x56262912bde0 .scope module, "u_rom2" "rom" 2 103, 3 1 0, S_0x562629102a10;
 .timescale 0 0;
    .port_info 0 /INPUT 1 "clk"
    .port_info 1 /INPUT 1 "rst_n"
    .port_info 2 /INPUT 5 "addr"
    .port_info 3 /OUTPUT 8 "seg"
v0x56262912bfd0_0 .net *"_s0", 7 0, L_0x562629146730;  1 drivers
v0x56262912c0d0_0 .net *"_s2", 5 0, L_0x5626291467d0;  1 drivers
L_0x7f9e3d6ea528 .functor BUFT 1, C4<0>, C4<0>, C4<0>, C4<0>;
v0x56262912c1b0_0 .net *"_s5", 0 0, L_0x7f9e3d6ea528;  1 drivers
L_0x7f9e3d6ea570 .functor BUFT 1, C4<00000000>, C4<0>, C4<0>, C4<0>;
v0x56262912c270_0 .net/2u *"_s6", 7 0, L_0x7f9e3d6ea570;  1 drivers
v0x56262912c350_0 .net "addr", 4 0, L_0x5626291461d0;  alias, 1 drivers
v0x56262912c480_0 .net "clk", 0 0, o0x7f9e3d733108;  alias, 0 drivers
v0x56262912c520_0 .var/i "i", 31 0;
v0x56262912c5e0 .array "rom", 0 16, 7 0;
v0x56262912c6a0_0 .net "rst_n", 0 0, o0x7f9e3d733168;  alias, 0 drivers
v0x56262912c7d0_0 .net "seg", 7 0, L_0x562629146910;  alias, 1 drivers
L_0x562629146730 .array/port v0x56262912c5e0, L_0x5626291467d0;
L_0x5626291467d0 .concat [ 5 1 0 0], L_0x5626291461d0, L_0x7f9e3d6ea528;
L_0x562629146910 .functor MUXZ 8, L_0x7f9e3d6ea570, L_0x562629146730, o0x7f9e3d733168, C4<>;
    .scope S_0x5626290e7330;
T_0 ;
    %wait E_0x5626290d5380;
    %load/vec4 v0x56262912bbc0_0;
    %nor/r;
    %flag_set/vec4 8;
    %jmp/0xz  T_0.0, 8;
    %pushi/vec4 252, 0, 8;
    %ix/load 3, 0, 0;
    %flag_set/imm 4, 0;
    %ix/load 4, 0, 0; Constant delay
    %assign/vec4/a/d v0x56262912bb00, 0, 4;
    %pushi/vec4 96, 0, 8;
    %ix/load 3, 1, 0;
    %flag_set/imm 4, 0;
    %ix/load 4, 0, 0; Constant delay
    %assign/vec4/a/d v0x56262912bb00, 0, 4;
    %pushi/vec4 218, 0, 8;
    %ix/load 3, 2, 0;
    %flag_set/imm 4, 0;
    %ix/load 4, 0, 0; Constant delay
    %assign/vec4/a/d v0x56262912bb00, 0, 4;
    %pushi/vec4 242, 0, 8;
    %ix/load 3, 3, 0;
    %flag_set/imm 4, 0;
    %ix/load 4, 0, 0; Constant delay
    %assign/vec4/a/d v0x56262912bb00, 0, 4;
    %pushi/vec4 102, 0, 8;
    %ix/load 3, 4, 0;
    %flag_set/imm 4, 0;
    %ix/load 4, 0, 0; Constant delay
    %assign/vec4/a/d v0x56262912bb00, 0, 4;
    %pushi/vec4 182, 0, 8;
    %ix/load 3, 5, 0;
    %flag_set/imm 4, 0;
    %ix/load 4, 0, 0; Constant delay
    %assign/vec4/a/d v0x56262912bb00, 0, 4;
    %pushi/vec4 190, 0, 8;
    %ix/load 3, 6, 0;
    %flag_set/imm 4, 0;
    %ix/load 4, 0, 0; Constant delay
    %assign/vec4/a/d v0x56262912bb00, 0, 4;
    %pushi/vec4 224, 0, 8;
    %ix/load 3, 7, 0;
    %flag_set/imm 4, 0;
    %ix/load 4, 0, 0; Constant delay
    %assign/vec4/a/d v0x56262912bb00, 0, 4;
    %pushi/vec4 254, 0, 8;
    %ix/load 3, 8, 0;
    %flag_set/imm 4, 0;
    %ix/load 4, 0, 0; Constant delay
    %assign/vec4/a/d v0x56262912bb00, 0, 4;
    %pushi/vec4 246, 0, 8;
    %ix/load 3, 9, 0;
    %flag_set/imm 4, 0;
    %ix/load 4, 0, 0; Constant delay
    %assign/vec4/a/d v0x56262912bb00, 0, 4;
    %pushi/vec4 238, 0, 8;
    %ix/load 3, 10, 0;
    %flag_set/imm 4, 0;
    %ix/load 4, 0, 0; Constant delay
    %assign/vec4/a/d v0x56262912bb00, 0, 4;
    %pushi/vec4 254, 0, 8;
    %ix/load 3, 11, 0;
    %flag_set/imm 4, 0;
    %ix/load 4, 0, 0; Constant delay
    %assign/vec4/a/d v0x56262912bb00, 0, 4;
    %pushi/vec4 156, 0, 8;
    %ix/load 3, 12, 0;
    %flag_set/imm 4, 0;
    %ix/load 4, 0, 0; Constant delay
    %assign/vec4/a/d v0x56262912bb00, 0, 4;
    %pushi/vec4 252, 0, 8;
    %ix/load 3, 13, 0;
    %flag_set/imm 4, 0;
    %ix/load 4, 0, 0; Constant delay
    %assign/vec4/a/d v0x56262912bb00, 0, 4;
    %pushi/vec4 158, 0, 8;
    %ix/load 3, 14, 0;
    %flag_set/imm 4, 0;
    %ix/load 4, 0, 0; Constant delay
    %assign/vec4/a/d v0x56262912bb00, 0, 4;
    %pushi/vec4 142, 0, 8;
    %ix/load 3, 15, 0;
    %flag_set/imm 4, 0;
    %ix/load 4, 0, 0; Constant delay
    %assign/vec4/a/d v0x56262912bb00, 0, 4;
    %pushi/vec4 0, 0, 8;
    %ix/load 3, 16, 0;
    %flag_set/imm 4, 0;
    %ix/load 4, 0, 0; Constant delay
    %assign/vec4/a/d v0x56262912bb00, 0, 4;
    %jmp T_0.1;
T_0.0 ;
    %pushi/vec4 0, 0, 32;
    %store/vec4 v0x56262912ba20_0, 0, 32;
T_0.2 ;
    %load/vec4 v0x56262912ba20_0;
    %cmpi/s 16, 0, 32;
    %jmp/0xz T_0.3, 5;
    %ix/getv/s 4, v0x56262912ba20_0;
    %load/vec4a v0x56262912bb00, 4;
    %ix/getv/s 3, v0x56262912ba20_0;
    %ix/load 4, 0, 0; Constant delay
    %assign/vec4/a/d v0x56262912bb00, 0, 4;
    %load/vec4 v0x56262912ba20_0;
    %addi 1, 0, 32;
    %store/vec4 v0x56262912ba20_0, 0, 32;
    %jmp T_0.2;
T_0.3 ;
T_0.1 ;
    %jmp T_0;
    .thread T_0;
    .scope S_0x56262912bde0;
T_1 ;
    %wait E_0x5626290d5380;
    %load/vec4 v0x56262912c6a0_0;
    %nor/r;
    %flag_set/vec4 8;
    %jmp/0xz  T_1.0, 8;
    %pushi/vec4 252, 0, 8;
    %ix/load 3, 0, 0;
    %flag_set/imm 4, 0;
    %ix/load 4, 0, 0; Constant delay
    %assign/vec4/a/d v0x56262912c5e0, 0, 4;
    %pushi/vec4 96, 0, 8;
    %ix/load 3, 1, 0;
    %flag_set/imm 4, 0;
    %ix/load 4, 0, 0; Constant delay
    %assign/vec4/a/d v0x56262912c5e0, 0, 4;
    %pushi/vec4 218, 0, 8;
    %ix/load 3, 2, 0;
    %flag_set/imm 4, 0;
    %ix/load 4, 0, 0; Constant delay
    %assign/vec4/a/d v0x56262912c5e0, 0, 4;
    %pushi/vec4 242, 0, 8;
    %ix/load 3, 3, 0;
    %flag_set/imm 4, 0;
    %ix/load 4, 0, 0; Constant delay
    %assign/vec4/a/d v0x56262912c5e0, 0, 4;
    %pushi/vec4 102, 0, 8;
    %ix/load 3, 4, 0;
    %flag_set/imm 4, 0;
    %ix/load 4, 0, 0; Constant delay
    %assign/vec4/a/d v0x56262912c5e0, 0, 4;
    %pushi/vec4 182, 0, 8;
    %ix/load 3, 5, 0;
    %flag_set/imm 4, 0;
    %ix/load 4, 0, 0; Constant delay
    %assign/vec4/a/d v0x56262912c5e0, 0, 4;
    %pushi/vec4 190, 0, 8;
    %ix/load 3, 6, 0;
    %flag_set/imm 4, 0;
    %ix/load 4, 0, 0; Constant delay
    %assign/vec4/a/d v0x56262912c5e0, 0, 4;
    %pushi/vec4 224, 0, 8;
    %ix/load 3, 7, 0;
    %flag_set/imm 4, 0;
    %ix/load 4, 0, 0; Constant delay
    %assign/vec4/a/d v0x56262912c5e0, 0, 4;
    %pushi/vec4 254, 0, 8;
    %ix/load 3, 8, 0;
    %flag_set/imm 4, 0;
    %ix/load 4, 0, 0; Constant delay
    %assign/vec4/a/d v0x56262912c5e0, 0, 4;
    %pushi/vec4 246, 0, 8;
    %ix/load 3, 9, 0;
    %flag_set/imm 4, 0;
    %ix/load 4, 0, 0; Constant delay
    %assign/vec4/a/d v0x56262912c5e0, 0, 4;
    %pushi/vec4 238, 0, 8;
    %ix/load 3, 10, 0;
    %flag_set/imm 4, 0;
    %ix/load 4, 0, 0; Constant delay
    %assign/vec4/a/d v0x56262912c5e0, 0, 4;
    %pushi/vec4 254, 0, 8;
    %ix/load 3, 11, 0;
    %flag_set/imm 4, 0;
    %ix/load 4, 0, 0; Constant delay
    %assign/vec4/a/d v0x56262912c5e0, 0, 4;
    %pushi/vec4 156, 0, 8;
    %ix/load 3, 12, 0;
    %flag_set/imm 4, 0;
    %ix/load 4, 0, 0; Constant delay
    %assign/vec4/a/d v0x56262912c5e0, 0, 4;
    %pushi/vec4 252, 0, 8;
    %ix/load 3, 13, 0;
    %flag_set/imm 4, 0;
    %ix/load 4, 0, 0; Constant delay
    %assign/vec4/a/d v0x56262912c5e0, 0, 4;
    %pushi/vec4 158, 0, 8;
    %ix/load 3, 14, 0;
    %flag_set/imm 4, 0;
    %ix/load 4, 0, 0; Constant delay
    %assign/vec4/a/d v0x56262912c5e0, 0, 4;
    %pushi/vec4 142, 0, 8;
    %ix/load 3, 15, 0;
    %flag_set/imm 4, 0;
    %ix/load 4, 0, 0; Constant delay
    %assign/vec4/a/d v0x56262912c5e0, 0, 4;
    %pushi/vec4 0, 0, 8;
    %ix/load 3, 16, 0;
    %flag_set/imm 4, 0;
    %ix/load 4, 0, 0; Constant delay
    %assign/vec4/a/d v0x56262912c5e0, 0, 4;
    %jmp T_1.1;
T_1.0 ;
    %pushi/vec4 0, 0, 32;
    %store/vec4 v0x56262912c520_0, 0, 32;
T_1.2 ;
    %load/vec4 v0x56262912c520_0;
    %cmpi/s 16, 0, 32;
    %jmp/0xz T_1.3, 5;
    %ix/getv/s 4, v0x56262912c520_0;
    %load/vec4a v0x56262912c5e0, 4;
    %ix/getv/s 3, v0x56262912c520_0;
    %ix/load 4, 0, 0; Constant delay
    %assign/vec4/a/d v0x56262912c5e0, 0, 4;
    %load/vec4 v0x56262912c520_0;
    %addi 1, 0, 32;
    %store/vec4 v0x56262912c520_0, 0, 32;
    %jmp T_1.2;
T_1.3 ;
T_1.1 ;
    %jmp T_1;
    .thread T_1;
    .scope S_0x562629102a10;
T_2 ;
    %wait E_0x5626290d5380;
    %load/vec4 v0x562629130280_0;
    %nor/r;
    %flag_set/vec4 8;
    %jmp/0xz  T_2.0, 8;
    %pushi/vec4 17712, 0, 16;
    %ix/load 3, 0, 0;
    %flag_set/imm 4, 0;
    %ix/load 4, 0, 0; Constant delay
    %assign/vec4/a/d v0x56262912ee50, 0, 4;
    %pushi/vec4 5681, 0, 16;
    %ix/load 3, 1, 0;
    %flag_set/imm 4, 0;
    %ix/load 4, 0, 0; Constant delay
    %assign/vec4/a/d v0x56262912ee50, 0, 4;
    %pushi/vec4 7730, 0, 16;
    %ix/load 3, 2, 0;
    %flag_set/imm 4, 0;
    %ix/load 4, 0, 0; Constant delay
    %assign/vec4/a/d v0x56262912ee50, 0, 4;
    %pushi/vec4 9779, 0, 16;
    %ix/load 3, 3, 0;
    %flag_set/imm 4, 0;
    %ix/load 4, 0, 0; Constant delay
    %assign/vec4/a/d v0x56262912ee50, 0, 4;
    %pushi/vec4 9524, 0, 16;
    %ix/load 3, 4, 0;
    %flag_set/imm 4, 0;
    %ix/load 4, 0, 0; Constant delay
    %assign/vec4/a/d v0x56262912ee50, 0, 4;
    %pushi/vec4 11829, 0, 16;
    %ix/load 3, 5, 0;
    %flag_set/imm 4, 0;
    %ix/load 4, 0, 0; Constant delay
    %assign/vec4/a/d v0x56262912ee50, 0, 4;
    %pushi/vec4 13878, 0, 16;
    %ix/load 3, 6, 0;
    %flag_set/imm 4, 0;
    %ix/load 4, 0, 0; Constant delay
    %assign/vec4/a/d v0x56262912ee50, 0, 4;
    %pushi/vec4 15671, 0, 16;
    %ix/load 3, 7, 0;
    %flag_set/imm 4, 0;
    %ix/load 4, 0, 0; Constant delay
    %assign/vec4/a/d v0x56262912ee50, 0, 4;
    %pushi/vec4 15928, 0, 16;
    %ix/load 3, 8, 0;
    %flag_set/imm 4, 0;
    %ix/load 4, 0, 0; Constant delay
    %assign/vec4/a/d v0x56262912ee50, 0, 4;
    %pushi/vec4 17977, 0, 16;
    %ix/load 3, 9, 0;
    %flag_set/imm 4, 0;
    %ix/load 4, 0, 0; Constant delay
    %assign/vec4/a/d v0x56262912ee50, 0, 4;
    %pushi/vec4 7233, 0, 16;
    %ix/load 3, 10, 0;
    %flag_set/imm 4, 0;
    %ix/load 4, 0, 0; Constant delay
    %assign/vec4/a/d v0x56262912ee50, 0, 4;
    %pushi/vec4 12866, 0, 16;
    %ix/load 3, 11, 0;
    %flag_set/imm 4, 0;
    %ix/load 4, 0, 0; Constant delay
    %assign/vec4/a/d v0x56262912ee50, 0, 4;
    %pushi/vec4 8515, 0, 16;
    %ix/load 3, 12, 0;
    %flag_set/imm 4, 0;
    %ix/load 4, 0, 0; Constant delay
    %assign/vec4/a/d v0x56262912ee50, 0, 4;
    %pushi/vec4 9028, 0, 16;
    %ix/load 3, 13, 0;
    %flag_set/imm 4, 0;
    %ix/load 4, 0, 0; Constant delay
    %assign/vec4/a/d v0x56262912ee50, 0, 4;
    %pushi/vec4 9285, 0, 16;
    %ix/load 3, 14, 0;
    %flag_set/imm 4, 0;
    %ix/load 4, 0, 0; Constant delay
    %assign/vec4/a/d v0x56262912ee50, 0, 4;
    %pushi/vec4 11078, 0, 16;
    %ix/load 3, 15, 0;
    %flag_set/imm 4, 0;
    %ix/load 4, 0, 0; Constant delay
    %assign/vec4/a/d v0x56262912ee50, 0, 4;
    %pushi/vec4 13383, 0, 16;
    %ix/load 3, 16, 0;
    %flag_set/imm 4, 0;
    %ix/load 4, 0, 0; Constant delay
    %assign/vec4/a/d v0x56262912ee50, 0, 4;
    %pushi/vec4 13128, 0, 16;
    %ix/load 3, 17, 0;
    %flag_set/imm 4, 0;
    %ix/load 4, 0, 0; Constant delay
    %assign/vec4/a/d v0x56262912ee50, 0, 4;
    %pushi/vec4 17225, 0, 16;
    %ix/load 3, 18, 0;
    %flag_set/imm 4, 0;
    %ix/load 4, 0, 0; Constant delay
    %assign/vec4/a/d v0x56262912ee50, 0, 4;
    %pushi/vec4 15178, 0, 16;
    %ix/load 3, 19, 0;
    %flag_set/imm 4, 0;
    %ix/load 4, 0, 0; Constant delay
    %assign/vec4/a/d v0x56262912ee50, 0, 4;
    %pushi/vec4 16971, 0, 16;
    %ix/load 3, 20, 0;
    %flag_set/imm 4, 0;
    %ix/load 4, 0, 0; Constant delay
    %assign/vec4/a/d v0x56262912ee50, 0, 4;
    %pushi/vec4 19276, 0, 16;
    %ix/load 3, 21, 0;
    %flag_set/imm 4, 0;
    %ix/load 4, 0, 0; Constant delay
    %assign/vec4/a/d v0x56262912ee50, 0, 4;
    %pushi/vec4 14925, 0, 16;
    %ix/load 3, 22, 0;
    %flag_set/imm 4, 0;
    %ix/load 4, 0, 0; Constant delay
    %assign/vec4/a/d v0x56262912ee50, 0, 4;
    %pushi/vec4 12622, 0, 16;
    %ix/load 3, 23, 0;
    %flag_set/imm 4, 0;
    %ix/load 4, 0, 0; Constant delay
    %assign/vec4/a/d v0x56262912ee50, 0, 4;
    %pushi/vec4 17487, 0, 16;
    %ix/load 3, 24, 0;
    %flag_set/imm 4, 0;
    %ix/load 4, 0, 0; Constant delay
    %assign/vec4/a/d v0x56262912ee50, 0, 4;
    %pushi/vec4 19792, 0, 16;
    %ix/load 3, 25, 0;
    %flag_set/imm 4, 0;
    %ix/load 4, 0, 0; Constant delay
    %assign/vec4/a/d v0x56262912ee50, 0, 4;
    %pushi/vec4 5457, 0, 16;
    %ix/load 3, 26, 0;
    %flag_set/imm 4, 0;
    %ix/load 4, 0, 0; Constant delay
    %assign/vec4/a/d v0x56262912ee50, 0, 4;
    %pushi/vec4 11602, 0, 16;
    %ix/load 3, 27, 0;
    %flag_set/imm 4, 0;
    %ix/load 4, 0, 0; Constant delay
    %assign/vec4/a/d v0x56262912ee50, 0, 4;
    %pushi/vec4 6995, 0, 16;
    %ix/load 3, 28, 0;
    %flag_set/imm 4, 0;
    %ix/load 4, 0, 0; Constant delay
    %assign/vec4/a/d v0x56262912ee50, 0, 4;
    %pushi/vec4 11348, 0, 16;
    %ix/load 3, 29, 0;
    %flag_set/imm 4, 0;
    %ix/load 4, 0, 0; Constant delay
    %assign/vec4/a/d v0x56262912ee50, 0, 4;
    %pushi/vec4 15445, 0, 16;
    %ix/load 3, 30, 0;
    %flag_set/imm 4, 0;
    %ix/load 4, 0, 0; Constant delay
    %assign/vec4/a/d v0x56262912ee50, 0, 4;
    %pushi/vec4 10838, 0, 16;
    %ix/load 3, 31, 0;
    %flag_set/imm 4, 0;
    %ix/load 4, 0, 0; Constant delay
    %assign/vec4/a/d v0x56262912ee50, 0, 4;
    %pushi/vec4 7511, 0, 16;
    %ix/load 3, 32, 0;
    %flag_set/imm 4, 0;
    %ix/load 4, 0, 0; Constant delay
    %assign/vec4/a/d v0x56262912ee50, 0, 4;
    %pushi/vec4 8792, 0, 16;
    %ix/load 3, 33, 0;
    %flag_set/imm 4, 0;
    %ix/load 4, 0, 0; Constant delay
    %assign/vec4/a/d v0x56262912ee50, 0, 4;
    %pushi/vec4 13657, 0, 16;
    %ix/load 3, 34, 0;
    %flag_set/imm 4, 0;
    %ix/load 4, 0, 0; Constant delay
    %assign/vec4/a/d v0x56262912ee50, 0, 4;
    %pushi/vec4 6746, 0, 16;
    %ix/load 3, 35, 0;
    %flag_set/imm 4, 0;
    %ix/load 4, 0, 0; Constant delay
    %assign/vec4/a/d v0x56262912ee50, 0, 4;
    %jmp T_2.1;
T_2.0 ;
    %pushi/vec4 0, 0, 32;
    %store/vec4 v0x56262912ed70_0, 0, 32;
T_2.2 ;
    %load/vec4 v0x56262912ed70_0;
    %cmpi/s 36, 0, 32;
    %jmp/0xz T_2.3, 5;
    %ix/getv/s 4, v0x56262912ed70_0;
    %load/vec4a v0x56262912ee50, 4;
    %ix/getv/s 3, v0x56262912ed70_0;
    %ix/load 4, 0, 0; Constant delay
    %assign/vec4/a/d v0x56262912ee50, 0, 4;
    %load/vec4 v0x56262912ed70_0;
    %addi 1, 0, 32;
    %store/vec4 v0x56262912ed70_0, 0, 32;
    %jmp T_2.2;
T_2.3 ;
T_2.1 ;
    %jmp T_2;
    .thread T_2;
    .scope S_0x562629102a10;
T_3 ;
    %wait E_0x5626290d5f40;
    %pushi/vec4 0, 0, 8;
    %store/vec4 v0x5626291301a0_0, 0, 8;
    %pushi/vec4 0, 0, 32;
    %store/vec4 v0x56262912ed70_0, 0, 32;
T_3.0 ;
    %load/vec4 v0x56262912ed70_0;
    %cmpi/s 36, 0, 32;
    %jmp/0xz T_3.1, 5;
    %load/vec4 v0x5626291301a0_0;
    %ix/getv/s 4, v0x56262912ed70_0;
    %load/vec4a v0x56262912fb30, 4;
    %load/vec4 v0x56262912ec90_0;
    %cmp/e;
    %flag_get/vec4 4;
    %replicate 8;
    %ix/getv/s 4, v0x56262912ed70_0;
    %load/vec4a v0x56262912f4c0, 4;
    %and;
    %or;
    %store/vec4 v0x5626291301a0_0, 0, 8;
    %load/vec4 v0x56262912ed70_0;
    %addi 1, 0, 32;
    %store/vec4 v0x56262912ed70_0, 0, 32;
    %jmp T_3.0;
T_3.1 ;
    %jmp T_3;
    .thread T_3, $push;
    .scope S_0x562629102a10;
T_4 ;
    %wait E_0x5626290d62b0;
    %load/vec4 v0x562629130280_0;
    %nor/r;
    %flag_set/vec4 8;
    %jmp/0xz  T_4.0, 8;
    %pushi/vec4 0, 0, 8;
    %assign/vec4 v0x56262912eb30_0, 0;
    %pushi/vec4 0, 0, 8;
    %assign/vec4 v0x5626291304d0_0, 0;
    %jmp T_4.1;
T_4.0 ;
    %load/vec4 v0x5626291304d0_0;
    %assign/vec4 v0x56262912eb30_0, 0;
    %load/vec4 v0x56262912ec90_0;
    %assign/vec4 v0x5626291304d0_0, 0;
T_4.1 ;
    %jmp T_4;
    .thread T_4;
# The file index is used to find the file name in the following table.
:file_names 4;
    "N/A";
    "<interactive>";
    "rom_ascii.v";
    "rom.v";
